<?xml version="1.0" encoding="UTF-8"?>
<!-- Generated by org.testng.reporters.JUnitXMLReporter -->
<testsuite ignored="0" hostname="DESKTOP-F8AFM4V" failures="0" tests="2" name="Default test" time="7.158" errors="0" timestamp="2022-03-25T16:48:49 IST">
  <testcase classname="com.swaglabs.qa.testcases.CartPageTest" name="clickingcheckoutLinkTest" time="1.001"/>
  <testcase classname="com.swaglabs.qa.testcases.CartPageTest" name="addedproductTest" time="0.762"/>
</testsuite> <!-- Default test -->
