<?xml version="1.0" encoding="UTF-8"?>
<!-- Generated by org.testng.reporters.JUnitXMLReporter -->
<testsuite ignored="0" hostname="DESKTOP-F8AFM4V" failures="0" tests="8" name="Test" time="25.73" errors="0" timestamp="2022-03-25T17:20:57 IST">
  <testcase classname="com.swaglabs.qa.testcases.HomePageTest" name="addtoCartTest" time="0.319"/>
  <testcase classname="com.swaglabs.qa.testcases.HomePageTest" name="clicktoCarTTest" time="0.241"/>
  <testcase classname="com.swaglabs.qa.testcases.LoginPageTest" name="swaglogodisplaytest" time="0.046"/>
  <testcase classname="com.swaglabs.qa.testcases.LoginPageTest" name="loginTest" time="0.27"/>
  <testcase classname="com.swaglabs.qa.testcases.LogOutPageTest" name="VerifyinglogoutbtnTest" time="1.42"/>
  <testcase classname="com.swaglabs.qa.testcases.CheckoutPageTest" name="enteringcheckoutDetailsTest" time="0.795"/>
  <testcase classname="com.swaglabs.qa.testcases.CartPageTest" name="clickingcheckoutLinkTest" time="0.506"/>
  <testcase classname="com.swaglabs.qa.testcases.CartPageTest" name="addedproductTest" time="0.602"/>
</testsuite> <!-- Test -->
